#
# There is insufficient memory for the Java Runtime Environment to continue.
# Native memory allocation (mmap) failed to map 358088704 bytes for committing reserved memory.
# Possible reasons:
#   The system is out of physical RAM or swap space
#   In 32 bit mode, the process size limit was hit
# Possible solutions:
#   Reduce memory load on the system
#   Increase physical memory or swap space
#   Check if swap backing store is full
#   Use 64 bit Java on a 64 bit OS
#   Decrease Java heap size (-Xmx/-Xms)
#   Decrease number of Java threads
#   Decrease Java thread stack sizes (-Xss)
#   Set larger code cache with -XX:ReservedCodeCacheSize=
# This output file may be truncated or incomplete.
#
#  Out of Memory Error (os_linux.cpp:2627), pid=1663, tid=139897742522112
#
# JRE version:  (8.0_66-b17) (build )
# Java VM: Java HotSpot(TM) 64-Bit Server VM (25.66-b17 mixed mode linux-amd64 compressed oops)
# Failed to write core dump. Core dumps have been disabled. To enable core dumping, try "ulimit -c unlimited" before starting Java again
#

---------------  T H R E A D  ---------------

Current thread (0x00007f3c74009800):  JavaThread "Unknown thread" [_thread_in_vm, id=1664, stack(0x00007f3c7b2f7000,0x00007f3c7b3f8000)]

Stack: [0x00007f3c7b2f7000,0x00007f3c7b3f8000],  sp=0x00007f3c7b3f63b0,  free space=1020k
Native frames: (J=compiled Java code, j=interpreted, Vv=VM code, C=native code)
V  [libjvm.so+0xab9a1a]  VMError::report_and_die()+0x2ba
V  [libjvm.so+0x4f9e0b]  report_vm_out_of_memory(char const*, int, unsigned long, VMErrorType, char const*)+0x8b
V  [libjvm.so+0x91a8a3]  os::Linux::commit_memory_impl(char*, unsigned long, bool)+0x103
V  [libjvm.so+0x91adf9]  os::pd_commit_memory(char*, unsigned long, unsigned long, bool)+0x29
V  [libjvm.so+0x91510a]  os::commit_memory(char*, unsigned long, unsigned long, bool)+0x2a
V  [libjvm.so+0x9887a3]  PSVirtualSpace::expand_by(unsigned long)+0x53
V  [libjvm.so+0x9788e7]  PSOldGen::initialize(ReservedSpace, unsigned long, char const*, int)+0xb7
V  [libjvm.so+0x2d81ba]  AdjoiningGenerations::AdjoiningGenerations(ReservedSpace, GenerationSizer*, unsigned long)+0x39a
V  [libjvm.so+0x93dbc6]  ParallelScavengeHeap::initialize()+0x1d6
V  [libjvm.so+0xa8224b]  Universe::initialize_heap()+0xfb
V  [libjvm.so+0xa825be]  universe_init()+0x3e
V  [libjvm.so+0x6388f5]  init_globals()+0x65
V  [libjvm.so+0xa667be]  Threads::create_vm(JavaVMInitArgs*, bool*)+0x23e
V  [libjvm.so+0x6cce14]  JNI_CreateJavaVM+0x74
C  [libjli.so+0x745e]  JavaMain+0x9e
C  [libpthread.so.0+0x76aa]  start_thread+0xca


---------------  P R O C E S S  ---------------

Java Threads: ( => current thread )

Other Threads:

=>0x00007f3c74009800 (exited) JavaThread "Unknown thread" [_thread_in_vm, id=1664, stack(0x00007f3c7b2f7000,0x00007f3c7b3f8000)]

VM state:not at safepoint (not fully initialized)

VM Mutex/Monitor currently owned by a thread: None

GC Heap History (0 events):
No events

Deoptimization events (0 events):
No events

Internal exceptions (0 events):
No events

Events (0 events):
No events


Dynamic libraries:
00400000-00401000 r-xp 00000000 08:01 5375972                            /usr/lib/jvm/java-8-oracle/jre/bin/java
00600000-00601000 rw-p 00000000 08:01 5375972                            /usr/lib/jvm/java-8-oracle/jre/bin/java
00db5000-00dd6000 rw-p 00000000 00:00 0                                  [heap]
d5580000-eab00000 ---p 00000000 00:00 0 
eab00000-f5580000 rw-p 00000000 00:00 0 
f5580000-100000000 ---p 00000000 00:00 0 
7f3c64b7a000-7f3c64dff000 rw-p 00000000 00:00 0 
7f3c64dff000-7f3c64f54000 ---p 00000000 00:00 0 
7f3c64f54000-7f3c64faa000 rw-p 00000000 00:00 0 
7f3c64faa000-7f3c64fff000 ---p 00000000 00:00 0 
7f3c64fff000-7f3c65000000 rw-p 00000000 00:00 0 
7f3c65000000-7f3c65270000 rwxp 00000000 00:00 0 
7f3c65270000-7f3c74000000 ---p 00000000 00:00 0 
7f3c74000000-7f3c74031000 rw-p 00000000 00:00 0 
7f3c74031000-7f3c78000000 ---p 00000000 00:00 0 
7f3c780c1000-7f3c780cb000 rw-p 00000000 00:00 0 
7f3c780cb000-7f3c78481000 ---p 00000000 00:00 0 
7f3c78481000-7f3c7849b000 r-xp 00000000 08:01 6032808                    /usr/lib/jvm/java-8-oracle/jre/lib/amd64/libzip.so
7f3c7849b000-7f3c7869b000 ---p 0001a000 08:01 6032808                    /usr/lib/jvm/java-8-oracle/jre/lib/amd64/libzip.so
7f3c7869b000-7f3c7869c000 rw-p 0001a000 08:01 6032808                    /usr/lib/jvm/java-8-oracle/jre/lib/amd64/libzip.so
7f3c7869c000-7f3c786a8000 r-xp 00000000 08:01 24904997                   /lib/x86_64-linux-gnu/libnss_files-2.21.so
7f3c786a8000-7f3c788a7000 ---p 0000c000 08:01 24904997                   /lib/x86_64-linux-gnu/libnss_files-2.21.so
7f3c788a7000-7f3c788a8000 r--p 0000b000 08:01 24904997                   /lib/x86_64-linux-gnu/libnss_files-2.21.so
7f3c788a8000-7f3c788a9000 rw-p 0000c000 08:01 24904997                   /lib/x86_64-linux-gnu/libnss_files-2.21.so
7f3c788a9000-7f3c788b4000 r-xp 00000000 08:01 24905056                   /lib/x86_64-linux-gnu/libnss_nis-2.21.so
7f3c788b4000-7f3c78ab3000 ---p 0000b000 08:01 24905056                   /lib/x86_64-linux-gnu/libnss_nis-2.21.so
7f3c78ab3000-7f3c78ab4000 r--p 0000a000 08:01 24905056                   /lib/x86_64-linux-gnu/libnss_nis-2.21.so
7f3c78ab4000-7f3c78ab5000 rw-p 0000b000 08:01 24905056                   /lib/x86_64-linux-gnu/libnss_nis-2.21.so
7f3c78ab5000-7f3c78acc000 r-xp 00000000 08:01 24905013                   /lib/x86_64-linux-gnu/libnsl-2.21.so
7f3c78acc000-7f3c78ccb000 ---p 00017000 08:01 24905013                   /lib/x86_64-linux-gnu/libnsl-2.21.so
7f3c78ccb000-7f3c78ccc000 r--p 00016000 08:01 24905013                   /lib/x86_64-linux-gnu/libnsl-2.21.so
7f3c78ccc000-7f3c78ccd000 rw-p 00017000 08:01 24905013                   /lib/x86_64-linux-gnu/libnsl-2.21.so
7f3c78ccd000-7f3c78ccf000 rw-p 00000000 00:00 0 
7f3c78ccf000-7f3c78cd7000 r-xp 00000000 08:01 24904998                   /lib/x86_64-linux-gnu/libnss_compat-2.21.so
7f3c78cd7000-7f3c78ed6000 ---p 00008000 08:01 24904998                   /lib/x86_64-linux-gnu/libnss_compat-2.21.so
7f3c78ed6000-7f3c78ed7000 r--p 00007000 08:01 24904998                   /lib/x86_64-linux-gnu/libnss_compat-2.21.so
7f3c78ed7000-7f3c78ed8000 rw-p 00008000 08:01 24904998                   /lib/x86_64-linux-gnu/libnss_compat-2.21.so
7f3c78ed8000-7f3c78f02000 r-xp 00000000 08:01 6032803                    /usr/lib/jvm/java-8-oracle/jre/lib/amd64/libjava.so
7f3c78f02000-7f3c79102000 ---p 0002a000 08:01 6032803                    /usr/lib/jvm/java-8-oracle/jre/lib/amd64/libjava.so
7f3c79102000-7f3c79104000 rw-p 0002a000 08:01 6032803                    /usr/lib/jvm/java-8-oracle/jre/lib/amd64/libjava.so
7f3c79104000-7f3c79111000 r-xp 00000000 08:01 6032807                    /usr/lib/jvm/java-8-oracle/jre/lib/amd64/libverify.so
7f3c79111000-7f3c79311000 ---p 0000d000 08:01 6032807                    /usr/lib/jvm/java-8-oracle/jre/lib/amd64/libverify.so
7f3c79311000-7f3c79313000 rw-p 0000d000 08:01 6032807                    /usr/lib/jvm/java-8-oracle/jre/lib/amd64/libverify.so
7f3c79313000-7f3c7931a000 r-xp 00000000 08:01 24904100                   /lib/x86_64-linux-gnu/librt-2.21.so
7f3c7931a000-7f3c79519000 ---p 00007000 08:01 24904100                   /lib/x86_64-linux-gnu/librt-2.21.so
7f3c79519000-7f3c7951a000 r--p 00006000 08:01 24904100                   /lib/x86_64-linux-gnu/librt-2.21.so
7f3c7951a000-7f3c7951b000 rw-p 00007000 08:01 24904100                   /lib/x86_64-linux-gnu/librt-2.21.so
7f3c7951b000-7f3c79622000 r-xp 00000000 08:01 24905058                   /lib/x86_64-linux-gnu/libm-2.21.so
7f3c79622000-7f3c79821000 ---p 00107000 08:01 24905058                   /lib/x86_64-linux-gnu/libm-2.21.so
7f3c79821000-7f3c79822000 r--p 00106000 08:01 24905058                   /lib/x86_64-linux-gnu/libm-2.21.so
7f3c79822000-7f3c79823000 rw-p 00107000 08:01 24905058                   /lib/x86_64-linux-gnu/libm-2.21.so
7f3c79823000-7f3c7a4e1000 r-xp 00000000 08:01 6032786                    /usr/lib/jvm/java-8-oracle/jre/lib/amd64/server/libjvm.so
7f3c7a4e1000-7f3c7a6e0000 ---p 00cbe000 08:01 6032786                    /usr/lib/jvm/java-8-oracle/jre/lib/amd64/server/libjvm.so
7f3c7a6e0000-7f3c7a7b9000 rw-p 00cbd000 08:01 6032786                    /usr/lib/jvm/java-8-oracle/jre/lib/amd64/server/libjvm.so
7f3c7a7b9000-7f3c7a7fd000 rw-p 00000000 00:00 0 
7f3c7a7fd000-7f3c7a9bd000 r-xp 00000000 08:01 24905059                   /lib/x86_64-linux-gnu/libc-2.21.so
7f3c7a9bd000-7f3c7abbd000 ---p 001c0000 08:01 24905059                   /lib/x86_64-linux-gnu/libc-2.21.so
7f3c7abbd000-7f3c7abc1000 r--p 001c0000 08:01 24905059                   /lib/x86_64-linux-gnu/libc-2.21.so
7f3c7abc1000-7f3c7abc3000 rw-p 001c4000 08:01 24905059                   /lib/x86_64-linux-gnu/libc-2.21.so
7f3c7abc3000-7f3c7abc7000 rw-p 00000000 00:00 0 
7f3c7abc7000-7f3c7abca000 r-xp 00000000 08:01 24905055                   /lib/x86_64-linux-gnu/libdl-2.21.so
7f3c7abca000-7f3c7adc9000 ---p 00003000 08:01 24905055                   /lib/x86_64-linux-gnu/libdl-2.21.so
7f3c7adc9000-7f3c7adca000 r--p 00002000 08:01 24905055                   /lib/x86_64-linux-gnu/libdl-2.21.so
7f3c7adca000-7f3c7adcb000 rw-p 00003000 08:01 24905055                   /lib/x86_64-linux-gnu/libdl-2.21.so
7f3c7adcb000-7f3c7ade0000 r-xp 00000000 08:01 6032781                    /usr/lib/jvm/java-8-oracle/jre/lib/amd64/jli/libjli.so
7f3c7ade0000-7f3c7afe0000 ---p 00015000 08:01 6032781                    /usr/lib/jvm/java-8-oracle/jre/lib/amd64/jli/libjli.so
7f3c7afe0000-7f3c7afe1000 rw-p 00015000 08:01 6032781                    /usr/lib/jvm/java-8-oracle/jre/lib/amd64/jli/libjli.so
7f3c7afe1000-7f3c7aff9000 r-xp 00000000 08:01 24904986                   /lib/x86_64-linux-gnu/libpthread-2.21.so
7f3c7aff9000-7f3c7b1f9000 ---p 00018000 08:01 24904986                   /lib/x86_64-linux-gnu/libpthread-2.21.so
7f3c7b1f9000-7f3c7b1fa000 r--p 00018000 08:01 24904986                   /lib/x86_64-linux-gnu/libpthread-2.21.so
7f3c7b1fa000-7f3c7b1fb000 rw-p 00019000 08:01 24904986                   /lib/x86_64-linux-gnu/libpthread-2.21.so
7f3c7b1fb000-7f3c7b1ff000 rw-p 00000000 00:00 0 
7f3c7b1ff000-7f3c7b223000 r-xp 00000000 08:01 24905053                   /lib/x86_64-linux-gnu/ld-2.21.so
7f3c7b2f7000-7f3c7b2fa000 ---p 00000000 00:00 0 
7f3c7b2fa000-7f3c7b3fc000 rw-p 00000000 00:00 0                          [stack:1664]
7f3c7b413000-7f3c7b416000 rw-p 00000000 00:00 0 
7f3c7b416000-7f3c7b41e000 rw-s 00000000 08:01 5111970                    /tmp/hsperfdata_andrea-muti/1663
7f3c7b41e000-7f3c7b41f000 rw-p 00000000 00:00 0 
7f3c7b41f000-7f3c7b420000 r--p 00000000 00:00 0 
7f3c7b420000-7f3c7b422000 rw-p 00000000 00:00 0 
7f3c7b422000-7f3c7b423000 r--p 00023000 08:01 24905053                   /lib/x86_64-linux-gnu/ld-2.21.so
7f3c7b423000-7f3c7b424000 rw-p 00024000 08:01 24905053                   /lib/x86_64-linux-gnu/ld-2.21.so
7f3c7b424000-7f3c7b425000 rw-p 00000000 00:00 0 
7ffc924b2000-7ffc924d3000 rw-p 00000000 00:00 0                          [stack]
7ffc92578000-7ffc9257a000 r--p 00000000 00:00 0                          [vvar]
7ffc9257a000-7ffc9257c000 r-xp 00000000 00:00 0                          [vdso]
ffffffffff600000-ffffffffff601000 r-xp 00000000 00:00 0                  [vsyscall]

VM Arguments:
jvm_args: -XX:+HeapDumpOnOutOfMemoryError -Xms512m -Xmx1024m -XX:MaxTenuringThreshold=2 -XX:+CMSClassUnloadingEnabled 
java_command: /home/andrea-muti/Scrivania/jmeter_source/apache-jmeter-2.13/bin/ApacheJMeter.jar -n -t /home/andrea-muti/cassandra_jmeter_plans/no_timestamp_timer/cassandra_constant_rate_read_only.jmx -Grate=15333 -Gduration_constant=60 -Gduration_ramp=10 -Gthread_number=133 -R 192.168.1.113,192.168.1.116,192.168.0.133 -Djava.rmi.server.hostname=192.168.1.6
java_class_path (initial): /home/andrea-muti/Scrivania/jmeter_source/apache-jmeter-2.13/bin/ApacheJMeter.jar
Launcher Type: SUN_STANDARD

Environment Variables:
JAVA_HOME=/usr/lib/jvm/java-8-oracle
PATH=/usr/local/sbin:/usr/local/bin:/usr/sbin:/usr/bin:/sbin:/bin:/usr/games:/usr/local/games:/usr/lib/jvm/java-8-oracle/bin:/usr/lib/jvm/java-8-oracle/db/bin:/usr/lib/jvm/java-8-oracle/jre/bin
SHELL=/bin/bash
DISPLAY=:0

Signal Handlers:
SIGSEGV: [libjvm.so+0xaba2a0], sa_mask[0]=11111111011111111101111111111110, sa_flags=SA_RESTART|SA_SIGINFO
SIGBUS: [libjvm.so+0xaba2a0], sa_mask[0]=11111111011111111101111111111110, sa_flags=SA_RESTART|SA_SIGINFO
SIGFPE: [libjvm.so+0x917710], sa_mask[0]=11111111011111111101111111111110, sa_flags=SA_RESTART|SA_SIGINFO
SIGPIPE: [libjvm.so+0x917710], sa_mask[0]=11111111011111111101111111111110, sa_flags=SA_RESTART|SA_SIGINFO
SIGXFSZ: [libjvm.so+0x917710], sa_mask[0]=11111111011111111101111111111110, sa_flags=SA_RESTART|SA_SIGINFO
SIGILL: [libjvm.so+0x917710], sa_mask[0]=11111111011111111101111111111110, sa_flags=SA_RESTART|SA_SIGINFO
SIGUSR1: SIG_DFL, sa_mask[0]=00000000000000000000000000000000, sa_flags=none
SIGUSR2: [libjvm.so+0x918d40], sa_mask[0]=00100000000000000000000000000000, sa_flags=SA_RESTART|SA_SIGINFO
SIGHUP: SIG_DFL, sa_mask[0]=00000000000000000000000000000000, sa_flags=none
SIGINT: SIG_DFL, sa_mask[0]=00000000000000000000000000000000, sa_flags=none
SIGTERM: SIG_DFL, sa_mask[0]=00000000000000000000000000000000, sa_flags=none
SIGQUIT: SIG_DFL, sa_mask[0]=00000000000000000000000000000000, sa_flags=none


---------------  S Y S T E M  ---------------

OS:DISTRIB_ID=Ubuntu
DISTRIB_RELEASE=15.10
DISTRIB_CODENAME=wily
DISTRIB_DESCRIPTION="Ubuntu 15.10"

uname:Linux 4.2.0-16-generic #19-Ubuntu SMP Thu Oct 8 15:35:06 UTC 2015 x86_64
libc:glibc 2.21 NPTL 2.21 
rlimit: STACK 8192k, CORE 0k, NPROC 15637, NOFILE 65536, AS infinity
load average:7.05 6.58 4.48

/proc/meminfo:
MemTotal:        4037412 kB
MemFree:           33424 kB
MemAvailable:     188248 kB
Buffers:           15596 kB
Cached:           134144 kB
SwapCached:         8000 kB
Active:          2762880 kB
Inactive:         999492 kB
Active(anon):    2676768 kB
Inactive(anon):   938724 kB
Active(file):      86112 kB
Inactive(file):    60768 kB
Unevictable:          32 kB
Mlocked:              32 kB
SwapTotal:       4183036 kB
SwapFree:          48516 kB
Dirty:               692 kB
Writeback:             0 kB
AnonPages:       3604436 kB
Mapped:           131172 kB
Shmem:              2912 kB
Slab:              83300 kB
SReclaimable:      37656 kB
SUnreclaim:        45644 kB
KernelStack:       20256 kB
PageTables:        55244 kB
NFS_Unstable:          0 kB
Bounce:                0 kB
WritebackTmp:          0 kB
CommitLimit:     6201740 kB
Committed_AS:   20743292 kB
VmallocTotal:   34359738367 kB
VmallocUsed:      309284 kB
VmallocChunk:   34358947836 kB
HardwareCorrupted:     0 kB
AnonHugePages:    792576 kB
CmaTotal:              0 kB
CmaFree:               0 kB
HugePages_Total:       0
HugePages_Free:        0
HugePages_Rsvd:        0
HugePages_Surp:        0
Hugepagesize:       2048 kB
DirectMap4k:     1201412 kB
DirectMap2M:     2983936 kB


CPU:total 8 (4 cores per cpu, 2 threads per core) family 6 model 30 stepping 5, cmov, cx8, fxsr, mmx, sse, sse2, sse3, ssse3, sse4.1, sse4.2, popcnt, ht, tsc, tscinvbit

/proc/cpuinfo:
processor	: 0
vendor_id	: GenuineIntel
cpu family	: 6
model		: 30
model name	: Intel(R) Core(TM) i7 CPU       Q 720  @ 1.60GHz
stepping	: 5
microcode	: 0x7
cpu MHz		: 1600.000
cache size	: 6144 KB
physical id	: 0
siblings	: 8
core id		: 0
cpu cores	: 4
apicid		: 0
initial apicid	: 0
fpu		: yes
fpu_exception	: yes
cpuid level	: 11
wp		: yes
flags		: fpu vme de pse tsc msr pae mce cx8 apic sep mtrr pge mca cmov pat pse36 clflush dts acpi mmx fxsr sse sse2 ss ht tm pbe syscall nx rdtscp lm constant_tsc arch_perfmon pebs bts rep_good nopl xtopology nonstop_tsc aperfmperf pni dtes64 monitor ds_cpl vmx smx est tm2 ssse3 cx16 xtpr pdcm sse4_1 sse4_2 popcnt lahf_lm ida dtherm tpr_shadow vnmi flexpriority ept vpid
bugs		:
bogomips	: 3192.13
clflush size	: 64
cache_alignment	: 64
address sizes	: 36 bits physical, 48 bits virtual
power management:

processor	: 1
vendor_id	: GenuineIntel
cpu family	: 6
model		: 30
model name	: Intel(R) Core(TM) i7 CPU       Q 720  @ 1.60GHz
stepping	: 5
microcode	: 0x7
cpu MHz		: 1600.000
cache size	: 6144 KB
physical id	: 0
siblings	: 8
core id		: 1
cpu cores	: 4
apicid		: 2
initial apicid	: 2
fpu		: yes
fpu_exception	: yes
cpuid level	: 11
wp		: yes
flags		: fpu vme de pse tsc msr pae mce cx8 apic sep mtrr pge mca cmov pat pse36 clflush dts acpi mmx fxsr sse sse2 ss ht tm pbe syscall nx rdtscp lm constant_tsc arch_perfmon pebs bts rep_good nopl xtopology nonstop_tsc aperfmperf pni dtes64 monitor ds_cpl vmx smx est tm2 ssse3 cx16 xtpr pdcm sse4_1 sse4_2 popcnt lahf_lm ida dtherm tpr_shadow vnmi flexpriority ept vpid
bugs		:
bogomips	: 3192.13
clflush size	: 64
cache_alignment	: 64
address sizes	: 36 bits physical, 48 bits virtual
power management:

processor	: 2
vendor_id	: GenuineIntel
cpu family	: 6
model		: 30
model name	: Intel(R) Core(TM) i7 CPU       Q 720  @ 1.60GHz
stepping	: 5
microcode	: 0x7
cpu MHz		: 1600.000
cache size	: 6144 KB
physical id	: 0
siblings	: 8
core id		: 2
cpu cores	: 4
apicid		: 4
initial apicid	: 4
fpu		: yes
fpu_exception	: yes
cpuid level	: 11
wp		: yes
flags		: fpu vme de pse tsc msr pae mce cx8 apic sep mtrr pge mca cmov pat pse36 clflush dts acpi mmx fxsr sse sse2 ss ht tm pbe syscall nx rdtscp lm constant_tsc arch_perfmon pebs bts rep_good nopl xtopology nonstop_tsc aperfmperf pni dtes64 monitor ds_cpl vmx smx est tm2 ssse3 cx16 xtpr pdcm sse4_1 sse4_2 popcnt lahf_lm ida dtherm tpr_shadow vnmi flexpriority ept vpid
bugs		:
bogomips	: 3192.13
clflush size	: 64
cache_alignment	: 64
address sizes	: 36 bits physical, 48 bits virtual
power management:

processor	: 3
vendor_id	: GenuineIntel
cpu family	: 6
model		: 30
model name	: Intel(R) Core(TM) i7 CPU       Q 720  @ 1.60GHz
stepping	: 5
microcode	: 0x7
cpu MHz		: 1600.000
cache size	: 6144 KB
physical id	: 0
siblings	: 8
core id		: 3
cpu cores	: 4
apicid		: 6
initial apicid	: 6
fpu		: yes
fpu_exception	: yes
cpuid level	: 11
wp		: yes
flags		: fpu vme de pse tsc msr pae mce cx8 apic sep mtrr pge mca cmov pat pse36 clflush dts acpi mmx fxsr sse sse2 ss ht tm pbe syscall nx rdtscp lm constant_tsc arch_perfmon pebs bts rep_good nopl xtopology nonstop_tsc aperfmperf pni dtes64 monitor ds_cpl vmx smx est tm2 ssse3 cx16 xtpr pdcm sse4_1 sse4_2 popcnt lahf_lm ida dtherm tpr_shadow vnmi flexpriority ept vpid
bugs		:
bogomips	: 3192.13
clflush size	: 64
cache_alignment	: 64
address sizes	: 36 bits physical, 48 bits virtual
power management:

processor	: 4
vendor_id	: GenuineIntel
cpu family	: 6
model		: 30
model name	: Intel(R) Core(TM) i7 CPU       Q 720  @ 1.60GHz
stepping	: 5
microcode	: 0x7
cpu MHz		: 1600.000
cache size	: 6144 KB
physical id	: 0
siblings	: 8
core id		: 0
cpu cores	: 4
apicid		: 1
initial apicid	: 1
fpu		: yes
fpu_exception	: yes
cpuid level	: 11
wp		: yes
flags		: fpu vme de pse tsc msr pae mce cx8 apic sep mtrr pge mca cmov pat pse36 clflush dts acpi mmx fxsr sse sse2 ss ht tm pbe syscall nx rdtscp lm constant_tsc arch_perfmon pebs bts rep_good nopl xtopology nonstop_tsc aperfmperf pni dtes64 monitor ds_cpl vmx smx est tm2 ssse3 cx16 xtpr pdcm sse4_1 sse4_2 popcnt lahf_lm ida dtherm tpr_shadow vnmi flexpriority ept vpid
bugs		:
bogomips	: 3192.13
clflush size	: 64
cache_alignment	: 64
address sizes	: 36 bits physical, 48 bits virtual
power management:

processor	: 5
vendor_id	: GenuineIntel
cpu family	: 6
model		: 30
model name	: Intel(R) Core(TM) i7 CPU       Q 720  @ 1.60GHz
stepping	: 5
microcode	: 0x7
cpu MHz		: 1600.000
cache size	: 6144 KB
physical id	: 0
siblings	: 8
core id		: 1
cpu cores	: 4
apicid		: 3
initial apicid	: 3
fpu		: yes
fpu_exception	: yes
cpuid level	: 11
wp		: yes
flags		: fpu vme de pse tsc msr pae mce cx8 apic sep mtrr pge mca cmov pat pse36 clflush dts acpi mmx fxsr sse sse2 ss ht tm pbe syscall nx rdtscp lm constant_tsc arch_perfmon pebs bts rep_good nopl xtopology nonstop_tsc aperfmperf pni dtes64 monitor ds_cpl vmx smx est tm2 ssse3 cx16 xtpr pdcm sse4_1 sse4_2 popcnt lahf_lm ida dtherm tpr_shadow vnmi flexpriority ept vpid
bugs		:
bogomips	: 3192.13
clflush size	: 64
cache_alignment	: 64
address sizes	: 36 bits physical, 48 bits virtual
power management:

processor	: 6
vendor_id	: GenuineIntel
cpu family	: 6
model		: 30
model name	: Intel(R) Core(TM) i7 CPU       Q 720  @ 1.60GHz
stepping	: 5
microcode	: 0x7
cpu MHz		: 1600.000
cache size	: 6144 KB
physical id	: 0
siblings	: 8
core id		: 2
cpu cores	: 4
apicid		: 5
initial apicid	: 5
fpu		: yes
fpu_exception	: yes
cpuid level	: 11
wp		: yes
flags		: fpu vme de pse tsc msr pae mce cx8 apic sep mtrr pge mca cmov pat pse36 clflush dts acpi mmx fxsr sse sse2 ss ht tm pbe syscall nx rdtscp lm constant_tsc arch_perfmon pebs bts rep_good nopl xtopology nonstop_tsc aperfmperf pni dtes64 monitor ds_cpl vmx smx est tm2 ssse3 cx16 xtpr pdcm sse4_1 sse4_2 popcnt lahf_lm ida dtherm tpr_shadow vnmi flexpriority ept vpid
bugs		:
bogomips	: 3192.13
clflush size	: 64
cache_alignment	: 64
address sizes	: 36 bits physical, 48 bits virtual
power management:

processor	: 7
vendor_id	: GenuineIntel
cpu family	: 6
model		: 30
model name	: Intel(R) Core(TM) i7 CPU       Q 720  @ 1.60GHz
stepping	: 5
microcode	: 0x7
cpu MHz		: 1600.000
cache size	: 6144 KB
physical id	: 0
siblings	: 8
core id		: 3
cpu cores	: 4
apicid		: 7
initial apicid	: 7
fpu		: yes
fpu_exception	: yes
cpuid level	: 11
wp		: yes
flags		: fpu vme de pse tsc msr pae mce cx8 apic sep mtrr pge mca cmov pat pse36 clflush dts acpi mmx fxsr sse sse2 ss ht tm pbe syscall nx rdtscp lm constant_tsc arch_perfmon pebs bts rep_good nopl xtopology nonstop_tsc aperfmperf pni dtes64 monitor ds_cpl vmx smx est tm2 ssse3 cx16 xtpr pdcm sse4_1 sse4_2 popcnt lahf_lm ida dtherm tpr_shadow vnmi flexpriority ept vpid
bugs		:
bogomips	: 3192.13
clflush size	: 64
cache_alignment	: 64
address sizes	: 36 bits physical, 48 bits virtual
power management:



Memory: 4k page, physical 4037412k(33424k free), swap 4183036k(48516k free)

vm_info: Java HotSpot(TM) 64-Bit Server VM (25.66-b17) for linux-amd64 JRE (1.8.0_66-b17), built on Oct  6 2015 17:28:34 by "java_re" with gcc 4.3.0 20080428 (Red Hat 4.3.0-8)

time: Mon Mar 14 11:58:46 2016
elapsed time: 0 seconds (0d 0h 0m 0s)

